<?xml version="1.0" encoding="UTF-8"?>
<testsuite name="datastructures.HashTableImplTest" tests="3" skipped="0" failures="0" errors="0" timestamp="2020-02-16T21:18:35" hostname="C02X921WJHD3" time="0.007">
  <properties/>
  <testcase name="putGetContainsSize" classname="datastructures.HashTableImplTest" time="0.006"/>
  <testcase name="indexForHashCode" classname="datastructures.HashTableImplTest" time="0.0"/>
  <testcase name="remove" classname="datastructures.HashTableImplTest" time="0.0"/>
  <system-out><![CDATA[]]></system-out>
  <system-err><![CDATA[]]></system-err>
</testsuite>
